<?xml version="1.0" encoding="UTF-8"?>
<!-- Generated by org.testng.reporters.JUnitReportReporter -->
<testsuite name="StoreChallengeTest" tests="1" time="26.120" ignored="0" failures="0" timestamp="02 сен 2018 19:42:00 GMT" skipped="0" hostname="DESKTOP-SR4R4M0" errors="0">
  <testcase name="commentAddingTest" time="26.120" classname="StoreChallengeTest"/>
</testsuite> <!-- StoreChallengeTest -->
